post数据为空8
post数据为空8
post数据为空8
post数据为空8
post数据为空8
<xml>
    <ToUserName><![CDATA[gh_00665bbe63dd]]></ToUserName>
    <FromUserName><![CDATA[ow1Es1g3kA1X4SrOzVwRg9h7pc3M]]></FromUserName>
    <CreateTime>1532016660</CreateTime>
    <MsgType><![CDATA[text]]></MsgType>
    <Content><![CDATA[5]]></Content>
    <MsgId>6579961452134256695</MsgId>
    <Encrypt><![CDATA[Tyctm9XAv/kwI8l14rfqD0f25LssuW2QiVfnp9cTvtgeZAM8my1sNggN+41uhoHaoNtjg8OQ590Vzcz4g63rsf25GuzXvjxbVyVd2RDVmOIbvveTlxpFu7vL9OQUi0NW3eumRuZa75aG93PrCuAnVIFMTk7uv6dfnpAhmad32HlIGXB/A53y8rSM5pi0NGFcwDECLgAQ+PS0NpQdJP5is6lNIlpkY7R9e0oTTYoczb8WweiENNXxw9+V5NoAwobs5+n+Bp3YYe1/vOiVwvNkzLssVOKHpBI6snKJbuWyPgRFTmEjJ+jQ04a76ZdrDz9+NuYU3fmpnk5dUUilrMHiyioTfqXfMTxMtzCbsDf4QvWlIqOJtEbu0MXA5lWNRwmti8bmRAtguMWwhpl78L8OnfVu4hgXK4wtmU4LOEojcuQ=]]></Encrypt>
</xml>
<xml>
    <ToUserName><![CDATA[gh_00665bbe63dd]]></ToUserName>
    <FromUserName><![CDATA[ow1Es1g3kA1X4SrOzVwRg9h7pc3M]]></FromUserName>
    <CreateTime>1532016738</CreateTime>
    <MsgType><![CDATA[text]]></MsgType>
    <Content><![CDATA[3]]></Content>
    <MsgId>6579961787141705812</MsgId>
    <Encrypt><![CDATA[4R+IWvm2T2UXpcqfpaczcO/dDrlTGXQMQpYXyUwsz3g92NxWI7KWbtAmbg2FP5qWpYQuAmRC1gOIMc6/5sI8AqTtfQeNXTmB+Vuwp5800tbIZT7bnreYtOgBNEIXtgPq6e7/OQrIYU2crVHFFC2Pcbhsz8pLkJmAWdEse+v/pmE96re5rCjz+wFnioUo4XjYsWz+GpBNkfD1LC28ZE6Yj9FPzXWM4PV65PXJbrkp/qmI9xUqVVfHBztVfKdpnQ9NaKHgXtEcmBRJpdU/pvhSB4s8NVoT8i5jLVUDAuaZ5g50b2XUZL5yHLCDO+2prhFWttfUqDS68iqMBsphJz+6mOFXB/55hHXQUBy2AtAzHr51gK6ZQAvEFL/p/7EkOXCrAVoAL9iaX8t5+oggTZdcxLOuheaURzxDjrTG7eLkBqg=]]></Encrypt>
</xml>
<xml>
    <ToUserName><![CDATA[gh_00665bbe63dd]]></ToUserName>
    <FromUserName><![CDATA[ow1Es1g3kA1X4SrOzVwRg9h7pc3M]]></FromUserName>
    <CreateTime>1532017131</CreateTime>
    <MsgType><![CDATA[text]]></MsgType>
    <Content><![CDATA[1]]></Content>
    <MsgId>6579963475063853287</MsgId>
    <Encrypt><![CDATA[olXqjMGgT143MFHCLwkdWGjXQgpR1BPFk02I9GP9K9lzw6c5mMDqI6fHSsXQtSuurlyCTHtwT/6F6l/desPr/ImerHzVBPygpOd3IXZzVOdq/o167jCakEXnbyMfCLF46P+ZjpaCTLUNRXgAnrY/jivb+4rO0RA1gLDRzWRPa5HHKAG8UpwT7kgOzyiVOSAY4lvpIiSyNUftkFR9AhCDubBPyTqKjQybC/14O2F2JHS8rgTUT0qYxc/uxqD3dFzNnugRE4trws+JCoQ1ss0F3USpO0cm18O0/epSmvymtBqHfB+Z6vQRJKC3pJ0I4hJKdgGqrvfhcHZKXPSDe4fWVql1MGwVqHOX1lMCk6iFEcgCVP+NGcLoUUhZEZAf3nVNmSLadgpRUf0M35EvT4dI6WqxSMQRE1sSXs4G2AyRfRk=]]></Encrypt>
</xml>
<xml>
    <ToUserName><![CDATA[gh_00665bbe63dd]]></ToUserName>
    <FromUserName><![CDATA[ow1Es1g3kA1X4SrOzVwRg9h7pc3M]]></FromUserName>
    <CreateTime>1532017173</CreateTime>
    <MsgType><![CDATA[text]]></MsgType>
    <Content><![CDATA[2]]></Content>
    <MsgId>6579963655452479726</MsgId>
    <Encrypt><![CDATA[HadAW7Lpn2IyzVRdjBTaqgVovsyyP5WA2GkkQmXG331cEZSdt1bDspvlfSu/KllHZfMu2FurFlC5om+vxLWkO9aeK6a5QWz0XonaDzaIi93tREk98o8kMksgbK0TQRvMTFLQ/9CDSsgKdm1/PM6MA/Ax53+a7X+kONYzo6y5Il5Au/67kcrBzxstRRjzeYKlaH9KpXp87Nk6hGNYQCpod+UVSpsmsfZaY4iFVgwBJ3Zd2IC6v75FJ5JZ3FySzqa9InbcpqpOwmHpnQoQviuKG4Q35aZ8xIFagwc/BkZ5Ik2MbR/scc+H74fxKAZ1Y83zIF+WPGSKxKXvkqDVtnORm7P97kFnSiva/GykYnddGsarJC26yVAW5tVrLnDI/4po7jgGxhlzjR+QhZ5Dr5VV0MbCXvmfeeA98ONeO1bUI3A=]]></Encrypt>
</xml>
<xml>
    <ToUserName><![CDATA[gh_00665bbe63dd]]></ToUserName>
    <FromUserName><![CDATA[ow1Es1g3kA1X4SrOzVwRg9h7pc3M]]></FromUserName>
    <CreateTime>1532017227</CreateTime>
    <MsgType><![CDATA[text]]></MsgType>
    <Content><![CDATA[1]]></Content>
    <MsgId>6579963887380713739</MsgId>
    <Encrypt><![CDATA[g/rasQLrwHG9xYtER3A6B7ubWMJJsIlU88mPq5i2Y/MN8s/soDTt0gZ7O7QeWO4r6i8RkKYBdSBPytU1Sx9SaA7gc7gIu7Rmc+uerooZNVfOL+46LTbwekbDOiCmnHmuBkD9UuTncc3iKiUYKx1e0hvOSjedlO9KtGTVHAz34gSuTjgUAp9zP2t8cbj9KOLG3tQFbfNJWVsR41TX+omrCFARzzdoOGqLfD+fNyF2pHBSXYGdUIxIb1aN6xt46KJ/KvdlQhWKj2KOoj2V/VIz6++xzoWlTKjAFYwLbBrjT+aWWOxaZ9Ise1put8yC5UHZJpMyRIJaUM2L1SwsIahRSEipQECO429VRvbFDtPlFSdLUQ9l8HO34sNqfz4aIUuk0Qc3kdvEXddNpR/ond5CrxtL9jjT5+WmDA7emix0okU=]]></Encrypt>
</xml>
<xml>
    <ToUserName><![CDATA[gh_00665bbe63dd]]></ToUserName>
    <FromUserName><![CDATA[ow1Es1g3kA1X4SrOzVwRg9h7pc3M]]></FromUserName>
    <CreateTime>1532017238</CreateTime>
    <MsgType><![CDATA[text]]></MsgType>
    <Content><![CDATA[2]]></Content>
    <MsgId>6579963934625354004</MsgId>
    <Encrypt><![CDATA[fKfAJnWKJ7+RQPL8vSbEplmPvpoKHDmhSWfmWJqmnv6QUA8PQaC5HUGPioZyZJRTUmtRk5bsHcF9rVMboHH6RoCOZcOMvFev0leg6UqjMCNqmjRZTDAWKJa++pI2MTK/w9CTh3UxQZpYNQjsj+oJcD8boP94LD+5dfm0/gRBloIMNgxIwvP4JC7shX7n3WuKwRy3i4y4stBfXs8Zjb9F0MTDkTzlftDrsJvKvIihyOFiurEikH3ZgQ5tqeaq+ZaH6xZ96Og/jHmg8ztbHzavHjEJ7CttD5eUrwyLdBsJsod7b3VOjGw9K5qWNyuWeYaJL7H4A8TY0Rc8wiJS8+/k8WJ6debISIftDFyA5rD8cxjHxabxY7XB2ohFmsSD/I+dGSaYPrmkul+cuig/on9tO/W0plosHW2Lhtgr7lVKm44=]]></Encrypt>
</xml>
<xml>
    <ToUserName><![CDATA[gh_00665bbe63dd]]></ToUserName>
    <FromUserName><![CDATA[ow1Es1g3kA1X4SrOzVwRg9h7pc3M]]></FromUserName>
    <CreateTime>1532017337</CreateTime>
    <MsgType><![CDATA[text]]></MsgType>
    <Content><![CDATA[1]]></Content>
    <MsgId>6579964359827116337</MsgId>
    <Encrypt><![CDATA[ushREUJd+ahQP4yYIdYEuqS1m6JHh6Bd2DZ1lF5Dq5tQYJrZ5hKZeujiriuofDy9z8AvO4eKnK8hFv4ffUQiYf9O3Vog0X+lf5UMHcttbg2EXwkJYtsEJaZINLDkbaxvGJd0kpzqXKzh7E/Xwq5/7bGDdXTS/9Uj6EzUPYnEljvSiHAGDKzIPdbr6UCVqRUwVD96Yc4HmYCR0tANqlU+yecSyDnQofse0ySP9chvrIZoC13gQa7b7+BA4se5mKeDXl3v5kXwpwun7rfOCgm8+eNVLVdtGw913eXRh6+9SBSNDT5eOXFwB8BofoAk5MYTcAl71r+hZHyNU97QrSJBpcIV+QFAmAn6qhiN4s8W1abjmWbAO2DpWnThltyAZCnJHDL0D/ViM6D5YZogM/rH3fonkF7AjldofK6BAbyf01U=]]></Encrypt>
</xml>
<xml>
    <ToUserName><![CDATA[gh_00665bbe63dd]]></ToUserName>
    <FromUserName><![CDATA[ow1Es1g3kA1X4SrOzVwRg9h7pc3M]]></FromUserName>
    <CreateTime>1532017380</CreateTime>
    <MsgType><![CDATA[text]]></MsgType>
    <Content><![CDATA[【收到不支持的消息类型，暂无法显示】]]></Content>
    <MsgId>6579964544510710088</MsgId>
    <Encrypt><![CDATA[NAfjowSJq1yNDIc9Ca3R5hWGEE6mF4Qy2JVtAzbMZsTI4Oko9WRbTpZmRS2xnNg2tYpzF75d3ESkS9MdrGNMracAedUZBPyCt3ihx0bl2vJ6I63+7pg7B73HGMMdSN3UqDyz51Hb/Dw6P+uIfyaE93QH/OD1LldTn4fyghpKaQCls9ohAYY64viOQs0THoBjqe6u6xxv86mZR6jbDuwcKggM1SfwXmGWcVJln+ptaEN3bQyfYeOOlVwhZFTTqMzcGD1uPB0g8mVzRdx4ORSfjvQL06fpsf5rtH2+jZ/g/WbrqVj4A2QOktjjzzT92325xpYo6zUA39/aevaRgmkyOZEOuBIlBeEhMTESlsUjjSLD4PUVtMyRIBrs+maXPs1XzQk42j8DVxPisp8qKcyXfX0QHokffsHy+OZd7A38Z9oGRbEsdNG1XqWJMTroccZ8zk8T2JlXgzqAGr8iXIUxdaflQ586NKFAB4MJ0U/e/THKgQN9WML4DllMzQOyM7Y2]]></Encrypt>
</xml>
<xml>
    <ToUserName><![CDATA[gh_00665bbe63dd]]></ToUserName>
    <FromUserName><![CDATA[ow1Es1g3kA1X4SrOzVwRg9h7pc3M]]></FromUserName>
    <CreateTime>1532017384</CreateTime>
    <MsgType><![CDATA[text]]></MsgType>
    <Content><![CDATA[1]]></Content>
    <MsgId>6579964561690579277</MsgId>
    <Encrypt><![CDATA[JbqC2WxA5YGbGeXplkUxN/2ZouepuveZG/Nfa4YDYDTH+M/YkPWydixPkgYdhB5w7HdY5U8rY2HaVM2yRCTLDC1ffpjwsnYtLToyhH6x6PRif1tYx6UO6W90H3NiTsbNCQLzXggh34sXI3R3dUv+BPMSI8/q5dS5obVKa23wyQIlIebJmG3ieuArVGAFOK2aLVSxlJmg0J57U5g3tw+VKwg69QF0n3PXCsyOeP3vfrsK+WFt8u8v63G9JGAwJXYY0doHnUq/UgkjaEg4NJNxvZV1oOBUN5b9wvePC40oE0gBaR4IIrEItYuJEDPUqKSvn3fLnPD7jGyQhxG8WUoXunkiP7C0JEti4+BUx+AgGusUzcVskROWaO4b5xd0KbUgPOD5FlkZhck6/eIndJt4SNpnKkxykhDCi4Z4zu3mhDs=]]></Encrypt>
</xml>
<xml>
    <ToUserName><![CDATA[gh_00665bbe63dd]]></ToUserName>
    <FromUserName><![CDATA[ow1Es1g3kA1X4SrOzVwRg9h7pc3M]]></FromUserName>
    <CreateTime>1532017386</CreateTime>
    <MsgType><![CDATA[text]]></MsgType>
    <Content><![CDATA[2]]></Content>
    <MsgId>6579964570280513871</MsgId>
    <Encrypt><![CDATA[3+uycPvhIW77zSxP8ZFnhYMLvxZfE9yaqSB6MOIudORNpdItLx5MB0NPAahAE/hWQMA49MB44pnuiC3lSBG+CHDopeQVTFgjahYw1/caWG3guJUcmpbInNzTIB9NlvZTcDire16IE20ijBedps5SPfb8kuZO1UqlUQuBirxqF9LSuCa0HKJmclAPJkyh/L+TDwSO5cj3sg/f253UKKepA6FlbVzGI+h5/Y/02IYFEd40XkxFT2IzAp8LL93caMnwZfUJYm+94nQdL2ev5RV/1uEDeL1XpP4iy4ha4D+6MW3nFJt9LagDS0bwuKKlWruQKf0WCotBs6ezB4C39pA5a3EXS2f4QYXTzp2mqGx8K2ljU1UDarvALCdI7ezI3Ka9ZDlPuzP2KzUl90IXoV+zJcR2j+TttgJhKkvdBYfO7PQ=]]></Encrypt>
</xml>
<xml>
    <ToUserName><![CDATA[gh_00665bbe63dd]]></ToUserName>
    <FromUserName><![CDATA[ow1Es1g3kA1X4SrOzVwRg9h7pc3M]]></FromUserName>
    <CreateTime>1532090529</CreateTime>
    <MsgType><![CDATA[text]]></MsgType>
    <Content><![CDATA[1]]></Content>
    <MsgId>6580278717073477382</MsgId>
    <Encrypt><![CDATA[H7MhcIfsJ5hCIuV0t4/DaHOKBchiLyXjeQYI83otqdu9LUl0tpNax5B01tPjFZ/5pVWN7QE6oi87FoX0gDv92xKpvsV/2YoUpFoz9vqv/Vm95oUhj8pRA3d+aeA4eOix6RqOHO01UQ0xNPU/CUXJtyHFpC8uKKXG7A0dQo0VMTeqdTGFgFECiE9GuCDo4jO4Ng1JzITJnBS1sROCc/7PCIyMlAwpzsdF2CKFA5LY8D5c2GE1P2tmDC01btRxrYFKY/5ODfiiSL+pdSGoZviG2KhoWMESIb3W9MbYg8w4G2K2IGTog2jdYQNtxngFlDWObhN+ZcW/v0j7n49wHdMzs9WLGZ7kx8/gR0+Si5VKDAYl3WlD1EdNfjM+tK6DKUPjeVBR1FcJk1c+xt/AJMrXnQUl8xW3cVzE0GGczvSaPgU=]]></Encrypt>
</xml>
<xml>
    <ToUserName><![CDATA[gh_00665bbe63dd]]></ToUserName>
    <FromUserName><![CDATA[ow1Es1g3kA1X4SrOzVwRg9h7pc3M]]></FromUserName>
    <CreateTime>1532090563</CreateTime>
    <MsgType><![CDATA[text]]></MsgType>
    <Content><![CDATA[你好]]></Content>
    <MsgId>6580278863102365471</MsgId>
    <Encrypt><![CDATA[Lo4wg9moNL+g1Wz7R4w1oIIBgw2R0rGauST9p1vFZeSBqYvycuQuXa1+9GoV83hQ3hk6cd75JBQVD3YMIuBSDrEQy92ELebDzJRKWynlowtx9geXpWH9Z1exKshegxd8qfdJim5+Bg5moIykJsqNTaUuBvKv1CXD6h9N17SDi3vof/tvHHFCczA9QNMSGZvUicfSRTQCQyhGkmzPVBzCBQluFivezrD+FOugUQk9Hj1T8LJKHq/SBZwnzooER26422GLgV1EIwMiGwiguis5ZUY0xvXsqZTY3M7Xdutln1QP8CBvps7BG4k1BSTDXahK1lDJ3wRr/5KNqFvd0aRPihG6mQd+9+U6al/7ddo4wLoWkBMzpKb/D1Fsz80NE25kF+kVoCMhlT2MKHBMmQNsxAyYlGF9bqkor89QeGHMLu4=]]></Encrypt>
</xml>
{"code":100000,"text":"你好啊，真是有礼貌的好宝宝"}<xml>
    <ToUserName><![CDATA[gh_00665bbe63dd]]></ToUserName>
    <FromUserName><![CDATA[ow1Es1g3kA1X4SrOzVwRg9h7pc3M]]></FromUserName>
    <CreateTime>1532090582</CreateTime>
    <MsgType><![CDATA[text]]></MsgType>
    <Content><![CDATA[哈哈]]></Content>
    <MsgId>6580278944706744105</MsgId>
    <Encrypt><![CDATA[+nR2lY7hqvNqspLcHKnCHyWUF9io/kbo63v993eqStZ+Bu6GoK/GY6nd0qlkEkAey3ifGwWGklNkFLWS0vrNxY9HOsV0fVcIqn3I/1YOhKsTfBBnOw6tSnPZiRsZhq17WQVbUdjah3Ajsag+jx1IUpH7ggW/ok1YJLmsYaje6TayIlfIhltigfv00JcXHKKuRu18CTA6Hxa+O8xJkFWdLvd2huW34O1UNgqS2Lw9isMi49+H32MPIDBLu3rsvCalCQLMuUq/Z5s5oIKlwmkbdfWA8BQQ7aAl574/aslKsD98KQY+nHUSHgVsrMKXyhct8q2ZqFNN+2xGopccGm70u6Hv8WT7BaGCCtZLSZsCJaMC8vHD5YI1jfaIWYKEKKMG0S86xFZHX4u/NcDgMPQq2XusvgunXsBtXyJUZAe/QU4=]]></Encrypt>
</xml>
{"code":100000,"text":"哈哈　你开心我也敲开心～"}<xml>
    <ToUserName><![CDATA[gh_00665bbe63dd]]></ToUserName>
    <FromUserName><![CDATA[ow1Es1g3kA1X4SrOzVwRg9h7pc3M]]></FromUserName>
    <CreateTime>1532090660</CreateTime>
    <MsgType><![CDATA[text]]></MsgType>
    <Content><![CDATA[1]]></Content>
    <MsgId>6580279279714193249</MsgId>
    <Encrypt><![CDATA[hOVHJT6Vxh4I+qbPjmgt8TknZNOOiC249YupIFKevpZaGzpzf5qVhA8XGbybEA0qahLDMPlPv2h//ZaD/R5fU8Wzmq/3xNIyGiffI1pQ0fok4ljgAhCui7gK+n9LlTMQUoz+17R7C0cG/WkBWxlN2aKUoFO7AVs2ypPuI5exjvJ6CHvp/jlK6qYuOB4v0TyqzcwF3nAqUs7RlwukS1Xubg9PefS4eB5bGD4mtszijvGt795/mnrI/92dKHWH+QZkkd7YYGZOcACBcPbIpkBO8NqaI9U33eR9Z8DpEQLU+IeHO0gjGi4FVv8A8/2HFFrqOdnF5x86QhghtrrWTLarkWQywtFll17eEjPruLN4NJAWp/9kLHkjle0gJyaYOagqGTPTVydAKQoDj0u2u7TuLTbLPUhbFCFD8VcA/5Q2PuI=]]></Encrypt>
</xml>
<xml>
    <ToUserName><![CDATA[gh_00665bbe63dd]]></ToUserName>
    <FromUserName><![CDATA[ow1Es1g3kA1X4SrOzVwRg9h7pc3M]]></FromUserName>
    <CreateTime>1532090670</CreateTime>
    <MsgType><![CDATA[text]]></MsgType>
    <Content><![CDATA[2]]></Content>
    <MsgId>6580279322663866222</MsgId>
    <Encrypt><![CDATA[Uq0Z7nWvsfsS6ssiMomPLcZ0PSITOn+e1SVuC1U/UjO4+80A+uf8GGrDka/yjkN+uLrKYOe7XLAhat0RQFMbhjFbjGkzVy62wlKx3BdyBPHbK7ZjT9c+XSJJ6yZKrkp+NXUXMywARdvmsB7alPEviZR37NFFNzGVa3TziOjcHXtLuI74IPcaLdeXnHU/cIC6H0XdIpoe9WsquAAASuplERGDclomBhhAT2qlA4m2R7i4lrEz4Fn7WhxCyogPb90c/to1mrvOKjOKSNuqKfveLnQWH+UzuGY201IQMvmh2IW9qCheq30IhNmalA4Z36H5yjQd1BBzkKsITwKp4SxDYDK4KW0OXDOGByndi3gLaKk+65ysyPzY7/QjHrJytGc6QgDp1MuNNHI75HWaLx3+UJsHX7e9fAHwkUIiAD0WzbE=]]></Encrypt>
</xml>
<xml>
    <ToUserName><![CDATA[gh_00665bbe63dd]]></ToUserName>
    <FromUserName><![CDATA[ow1Es1g3kA1X4SrOzVwRg9h7pc3M]]></FromUserName>
    <CreateTime>1532090692</CreateTime>
    <MsgType><![CDATA[text]]></MsgType>
    <Content><![CDATA[2]]></Content>
    <MsgId>6580279417153146757</MsgId>
    <Encrypt><![CDATA[TDPU7WoltTNaL9XkV+wVqp3j61sYcSgdh/Kr9iRohOgfxSIVAeV7K7EiZj8WDUUCV0Svxh5LszHAEUcYN5KfBSBy5pvuw7N2ZQEfScv+39uE+yxKe7ydMSj0ksYhiaTFmE4KnfJUNsROb2sRVdLSvBuNLXRsoUInHWxHTj1w1HLhgy1G8cWIHS5ECDlkCkG3zGnwULHkhKug3sprU8QEgQyRGdr/jc/voc8rxJfRIkS4CkXbv81jvlL/C65B5DLXX1M5ahptGWFxd0k7Srf1ZoMAk0TSMtpyhmQz4R1SDSOygzlPhOgdBoJpEMbnWSEh114NCikrXmscz3tPbp7neaf4ZHpbMRngynGKyKg7ym9b/nBHvt/efrMqZSZEuO1w4vY8tWNSF/xkPWe4yviGxBME69vlBnthVl9x0EisUCU=]]></Encrypt>
</xml>
"{\"code\":100000,\"text\":\"3\"}"<xml>
    <ToUserName><![CDATA[gh_00665bbe63dd]]></ToUserName>
    <FromUserName><![CDATA[ow1Es1g3kA1X4SrOzVwRg9h7pc3M]]></FromUserName>
    <CreateTime>1532090734</CreateTime>
    <MsgType><![CDATA[text]]></MsgType>
    <Content><![CDATA[2]]></Content>
    <MsgId>6580279597541773239</MsgId>
    <Encrypt><![CDATA[YW/maGB1R7S4yQGa6GB85rijWhCR1AvBi0UPX78225FnJdmW/4uzWCYBdAQx3HFZTfjgfuRHTZTKC1SlH2htRhN6uSXm1dX+BKTKTOof7pdH+moUaeDjo5PqSsn7HKRPQZ6SWH2+2fPExqF0QgdwLZfc4/rk9y1R0ESNQ14g3lAGxXcpsD36HlDp/0geWd7h9+I8jAw634yNiQbL5xR08JbxNIuDgzCsCgXZUT6DTUYHWa4R5YYqUAfAdG8u/2YehPQZZlZedzKtnXVyQNzysiqpBeD+yrt9xVuccQgoF/1Oa3nnML8kCKZ06oZ6rHqBtAQPqswOPpWNbiLOEOhfnUOBkQ33wd6XiRgyBigaE0HSWv5zoDu08FxFcridgXouJvpm+nIeypB3q1y6HjXVQEyyT4DhaKb56Q0oejT/LF4=]]></Encrypt>
</xml>
<xml>
    <ToUserName><![CDATA[gh_00665bbe63dd]]></ToUserName>
    <FromUserName><![CDATA[ow1Es1g3kA1X4SrOzVwRg9h7pc3M]]></FromUserName>
    <CreateTime>1532090744</CreateTime>
    <MsgType><![CDATA[text]]></MsgType>
    <Content><![CDATA[2]]></Content>
    <MsgId>6580279640491446206</MsgId>
    <Encrypt><![CDATA[1/Gly6y0Vj45zHEkBbKro3pGfuOdmEZ2CfN0pbu1+oXN26aNdtKea4eTSwraUTq4AK5pvwwei7A2ZBf3wtDvLUS0muTkNEU9KiJ0Ae/WSUAROLO9fMLowtJO1LVjI1RER4UvbGryoZlgvZ4QnwuAfoZ4Q80ydJGtY9LgpTLIZDqLXzptryAZ0BJIDT+lfFj6W/jSM3H/YtPOdjI3ZY9fD+av3VGefxGLynXCvkEuXshInLI0kV2pFmTzZkRrOmURxmYzrOvotr9sQrqeVqzBCMh2P/zBT/Ozn9yC+nN3ffNQOmVubaJGyUQpoanGUWvQJbF+/D5AsyHgByHz6TB7VCLUefwFtRj40efVksYO5V13RKSJLhxZUcblUln1av7t1xIvF7Jm461t/watsIjY/D9A3SkQdAWFuTUQ8+D9kEM=]]></Encrypt>
</xml>
<xml>
    <ToUserName><![CDATA[gh_00665bbe63dd]]></ToUserName>
    <FromUserName><![CDATA[ow1Es1g3kA1X4SrOzVwRg9h7pc3M]]></FromUserName>
    <CreateTime>1532090765</CreateTime>
    <MsgType><![CDATA[text]]></MsgType>
    <Content><![CDATA[3]]></Content>
    <MsgId>6580279730685759433</MsgId>
    <Encrypt><![CDATA[bQUcFcZPhQEEZnxdU0soaQIoxcmcnFhqL7r7tXeUkkLiLH4gZ2SKgI9AftdqGXijBVsuRvXM0ko0OUqKPbIQ/ftlUhXb4ES2kN236s84ZgAsvo5QYvcUtWIqaKKi0BP/vB1+BHqvjPZTmNE4L9bWwGsl1ofeJ3HI6EGB2YlY7dxRw/1nA0Vn+Ds71qUFv0OiQBXZV0XUa3h3RKzn8cvJtNoHd7D3mSa4GS08umCibjdvgMZfSN3B6OTNMlHDHS2fICUtV5Bv7ZJbLE6qFKFzVi+Z5/UZpZk+LcmWsO/ioyG2KGEmIOHvkJyUGO6J4SUW4EtrTXAbibUH1HmDU1mNeO1EAAczUMXjxh4DIgZvJ4lSjIol2nsJYqkSBNE1AyqlyLJDDykn9RWjR3e1cJq/uaqF3O6J44ETMkQPV5d34WI=]]></Encrypt>
</xml>
{"code":100000,"text":"4"}<xml>
    <ToUserName><![CDATA[gh_00665bbe63dd]]></ToUserName>
    <FromUserName><![CDATA[ow1Es1g3kA1X4SrOzVwRg9h7pc3M]]></FromUserName>
    <CreateTime>1532091542</CreateTime>
    <MsgType><![CDATA[text]]></MsgType>
    <Content><![CDATA[呵呵]]></Content>
    <MsgId>6580283067875349084</MsgId>
    <Encrypt><![CDATA[UKsGdOiJSbFr4BfsqN1BSNIREIFC0TGp0VDxAImjhS2zfXjnmW61Kk+L9dQYhEslGHkbzMpYoDqYIA+oOgZ+67zcHSzTPqdF748dOQV8lGpECGoQA1HIoqg1nhWvjb6A52xLq3s6ojhdl2+4j4kCb4uX823Iz70TDEHBuxnALOFqP1ZpSHkocHl4sUhl6mP92ljDdutFZui+Yk0MWT7JFYnJeZt4HaSZXoSESs3jB1EVvUphniOWEkQukEPinMIZRfJQYn8di1hMtCcMVQ843MGBQkSfuvFQySSplEzXvhELi9WnfJlcxghFLTCssqly5Ke8ZNUA+vl8ZQHka3BFZm6CoTgwqsq1y6DFM2USrzZfuPOMDXz/Ybv1EtlehVbM9U8AYu95odGqXXhSNbGbQXGRZdaoi8yMYtB/I4voqLg=]]></Encrypt>
</xml>
{"code":100000,"text":"我要疯了"}<xml>
    <ToUserName><![CDATA[gh_00665bbe63dd]]></ToUserName>
    <FromUserName><![CDATA[ow1Es1g3kA1X4SrOzVwRg9h7pc3M]]></FromUserName>
    <CreateTime>1532091586</CreateTime>
    <MsgType><![CDATA[text]]></MsgType>
    <Content><![CDATA[嘿嘿]]></Content>
    <MsgId>6580283256853910133</MsgId>
    <Encrypt><![CDATA[Rqsuy8XIbQuacxoO7XUn2v5MvvaxS8mD7/rKYSTP12Esu0ho81jFZAy6fc0omZiM4TFhWfzpfGv2ZR41LDE2z4RH2ka2MO4Ckw3UxQoliZ0OnfHHoOXhGwIOYjXn58Ra0hRNb0aZlhDMSZ6zKHtt+NKlHRCBrCBRstZDp1RrGiAGW6R2HQjA9xFW3MiOsW1Y2KrpoHfD17TtGUA4K2Sjp5v0ZQxcO2PZ3KKy3AKev4bKsY3C9cpIXwLVZ0u2Pk9fXYL5PnVDTXkft3nR5hOr1IqDdy8cSZBeUYKtBFaCj3DS0FUeXmxXNh1F9e3Ng9NLUX1BA1lFamn4e38BAooHdsdIByEaFmdwiin2yWmRr0+2nE8FufZtjl0RIcoh/0QBlPvy3R/zUS5YQfZmAic2Rw68tMuyTXSogUqF2rP4Fbo=]]></Encrypt>
</xml>
{"code":100000,"text":"哈哈什么事这么开心呀？搬个小板凳捧脸听～"}<xml>
    <ToUserName><![CDATA[gh_00665bbe63dd]]></ToUserName>
    <FromUserName><![CDATA[ow1Es1g3kA1X4SrOzVwRg9h7pc3M]]></FromUserName>
    <CreateTime>1532091852</CreateTime>
    <MsgType><![CDATA[text]]></MsgType>
    <Content><![CDATA[哈哈]]></Content>
    <MsgId>6580284399315211930</MsgId>
    <Encrypt><![CDATA[lKFhUFAlLngxLsrok8yAykQTOHMNlFjJwYTCrqXgVl4lGQpZ/wX2LdCN29zROndYq01+YcfTwiW3Iui4beKWX9OLVq8zJlk88XSNnJ4REfTeSE43Ji84vwu+xtJTgrgyq+cosNTE0F+3Sp9csnLUK5PPmOML0uAcga1rh4DUtHw3BwPG/x7C9nEDfTfx5/EAoHnPfOjUHt3USg57weS1hRiAFdFjxS96hNo460W9Tcy/rNU6qe24zGq4N8TcY0J/zWaS5tcl9+X5bDDqH5Y4vBYZokYmVqg6o/BSRbeBitEYvRNFOIAOkxeQWJDTzDdc1SbANMboknMaywJYw7TFmVI9w11uq99Qj0SnnpQM4t2g/n7Y2XAEPBtN+yZpd4ornyoR5wyYI0Sqgjdl3fT2Oa/Bu0OJ3M502HQX8iJYxKk=]]></Encrypt>
</xml>
{"code":100000,"text":"开心到飞起来～"}<xml>
    <ToUserName><![CDATA[gh_00665bbe63dd]]></ToUserName>
    <FromUserName><![CDATA[ow1Es1g3kA1X4SrOzVwRg9h7pc3M]]></FromUserName>
    <CreateTime>1532091855</CreateTime>
    <MsgType><![CDATA[text]]></MsgType>
    <Content><![CDATA[呵呵]]></Content>
    <MsgId>6580284412200113835</MsgId>
    <Encrypt><![CDATA[OoIRmduoyTbCAsVKwIgtNUVpO6HjUhMlhQAlTwElsTaHxAemm5iU2clwNLqT/RXNrnE0BStOZa6DLRsy3FHD71KJY8Cla3CRY5UeCL2IYxTA2xVUZWnnYb0HYt0lrVPTk0VRa2ytTlmVpvfh2T4xIrs/ZLL8CfIwokSTtge+s6nVHstHFuV/BesNuqFwCovZ5Gz4sM+qKLtxSzy7BlU9WfNzaBrSe/peOc0vNgHkMqzmbsv9j2zuh+qSZhtq1Z+FKOJ/iQfCZPlSkCsz1ZqmQpzTuL9A830ru9jXrVtjitXP2OeluRURlCyb7gnxLn9fjv22aV4qnDl9peyPxbbP0U0qx7DdqWjR+jK+h2PQF/LRSLosxxaDMCJissRJI7+p76TF7yKvrhkAsz3HmmHt1r0LZS4ih4DgtuAE6KzA8eE=]]></Encrypt>
</xml>
{"code":100000,"text":"嘿嘿，我对的还算工整吧"}<xml>
    <ToUserName><![CDATA[gh_00665bbe63dd]]></ToUserName>
    <FromUserName><![CDATA[ow1Es1n5z4QWXCQ5Blq8PWuD3sTs]]></FromUserName>
    <CreateTime>1532091927</CreateTime>
    <MsgType><![CDATA[text]]></MsgType>
    <Content><![CDATA[/::)]]></Content>
    <MsgId>6580284721437759452</MsgId>
    <Encrypt><![CDATA[hmQx+vzk0UG8nzdli3bitCiIPdexgk2D99MbtJazDJwOM3Xh2KSeN4654ik0gXEKpsubvHXJFRt6VGt0+ogAZUWmMxD0zoYnB8WiOBcDVM8eHQp6yBE4xS6Ae0dY9y0WVqnG3PyntX+R5yuliCH6ARC3pu1DmrQKhoTurUYGEdZHmFxRyOxGzodsmhWJd6WlkFHk7dZ0+2sJg1pBzp1nd2ouKnXPy297wElO7DvwM1bclCUhael7pazaXyEeeUtWf0YDQcI+22LK0nmM7UISEdzXwNHGPsOJK7QdRbPHtr/ExIWekPTjJeeZpF+YPERa+FDasoLW3Y4kHRYwWoFIQ0A10lv2lAHRtxsBOp1ip8nN4ELpkjRv7NGWMSONkh06Pml0ATx+xrdZH2bbQCJWb6vHi3EEtoOj7MOnZBPS9WM=]]></Encrypt>
</xml>
{"code":100000,"text":"那你不实际行动表示一下啊。"}<xml>
    <ToUserName><![CDATA[gh_00665bbe63dd]]></ToUserName>
    <FromUserName><![CDATA[ow1Es1n5z4QWXCQ5Blq8PWuD3sTs]]></FromUserName>
    <CreateTime>1532091930</CreateTime>
    <MsgType><![CDATA[text]]></MsgType>
    <Content><![CDATA[你好]]></Content>
    <MsgId>6580284734322661359</MsgId>
    <Encrypt><![CDATA[F40n1k5Hv1ZRgu1AnE8CERQk4MsJ0OS5+vIfXIfH0XNYPK8mzRmna+6reg996HB4TLhCFSPka5vQlstEaU8tkAyl59XnrzJj1FahbgG5749u3A+kLaScrfTd8fbdt7/7LCA1G0CO9U9GgFQy3Lthy6SbCwEqXnYw3EnoD6fHuDQg6SxVa3Kl8pmNXVXJJzfe1bTKTty6ts1SV92r6ye8vorbQGFHwq/v3Y574OT8BXAScP/4GlVNT1tXWaKoUoXdQfl87TtkCWHyCHo0Vc6IQrtCKWz7cyd82qrdSwPwWwODTiP6sk1gwS9HrUAfFxpHwnLk4+PjWsDjP9ZZxilvgfp5C4rPXdTp5gJf0/gflOmeMh0K3feF6chYEiwLkOy2jJNZf50Pr9oB1B+uDDu9zxLYAeN2w6EiMbLVhMZ0xEU=]]></Encrypt>
</xml>
{"code":100000,"text":"你好我好大家好"}<xml>
    <ToUserName><![CDATA[gh_00665bbe63dd]]></ToUserName>
    <FromUserName><![CDATA[ow1Es1n5z4QWXCQ5Blq8PWuD3sTs]]></FromUserName>
    <CreateTime>1532091940</CreateTime>
    <MsgType><![CDATA[text]]></MsgType>
    <Content><![CDATA[都会什么]]></Content>
    <MsgId>6580284777272334370</MsgId>
    <Encrypt><![CDATA[s/stzIf2ltno0pcm2e00HcMeru9R9mw72ZOksjehyyufMrn2NzKR5FwgvDuA3inxZIpL1GBHNPsUOjf2V25+FhxTatq0XQmoozkALgSwEQ5/C7ZeBICpdcnutwVIgDUMK56YOQuvq6oGMpDqlv3kYW6S48W2sRF0K2ufy6DdJzB8qalpDXSBAerfEQUeQKWGwsrmdonwsObZnBUnK68Ht+ayvhcFW7Qxa21RyA1lInA/KQKiDyAOoJCGzQwXpudrCzgLCrjF0R/h5rSn55mf16xbjbEzVI39HORzusrBvuo2apfQdJbLPgon9Ywc3cG5qx8yk3XsDJaBylx9SD9t4omkExHHsHd0DEfIBhbLlbvnsUyqsIXa2DTvt/WSpM6XjS43HKauv+HuHbYxTRPfvMiQkZeJXsfsDNyvvpDUHfcvpFGDDylvVHia/fhdah2ME4O7S+7dJaVgGLjDGhwsYg==]]></Encrypt>
</xml>
{"code":100000,"text":"能会的都会。"}<xml>
    <ToUserName><![CDATA[gh_00665bbe63dd]]></ToUserName>
    <FromUserName><![CDATA[ow1Es1n5z4QWXCQ5Blq8PWuD3sTs]]></FromUserName>
    <CreateTime>1532091951</CreateTime>
    <MsgType><![CDATA[text]]></MsgType>
    <Content><![CDATA[你个傻瓜]]></Content>
    <MsgId>6580284824516974676</MsgId>
    <Encrypt><![CDATA[oQA25EVyi4VznxG3QWsiOpEnrfUDUzslYE5FcJwB++xwvLwNcmiT8GoaDIzJwT0t1pMQSwVVWNMXpizDepuPZ+o5jiNS0TZoObRYtFC+NxbyZpIOo4ovaZez4PHaBuTSNQQQG0tMKKMV/VOMiI1xc/B0xuw1uSyB91smSIib/Y+PXuYCxMhWvG8GgGKz5K3fC1vkOsDiUlq3UOUn53Z3OutwN495hgpV6BmMGHbuP+ncssqkSKFR3EPLh8HKiOT2ESm59h2DEIismFDaS29H4xJr8gadKAuOckv257FTpC8Uyuo+YxgJEnk0wVAgS5Hsv0TMP1JsRnFX/neRAREXsd10fhumRAfE/z0hoaEzEDjs1jD0/gWxr8NjlLrKrRPe6MbnVr/ZfE9Kak44yND61b7J/wrsLZfSaiD19e15xY2CjUzyqxLfiin0FlQHRM0CDRtd6K+RGXj/nrdiHTdkdg==]]></Encrypt>
</xml>
{"code":100000,"text":"人生三大幻觉～手机在震动，她喜欢我，我可以回答你"}<xml>
    <ToUserName><![CDATA[gh_00665bbe63dd]]></ToUserName>
    <FromUserName><![CDATA[ow1Es1g3kA1X4SrOzVwRg9h7pc3M]]></FromUserName>
    <CreateTime>1532092925</CreateTime>
    <MsgType><![CDATA[text]]></MsgType>
    <Content><![CDATA[北京天气]]></Content>
    <MsgId>6580289007815123659</MsgId>
    <Encrypt><![CDATA[IBhehm+ohJYI0PA3X/Z4F9k3cGzbo9ivL9C3egQaqBz+xOUTkFf8sDtNUosUji/KRHF0mEp1yjzDMhWzefyDM9PDzGEil2YGSDf/zzuZY+sMVUXXLT98FKLpWzHinrP23s+WVOTR3aVxBu7jbjTH2wVIiq9ldERiOw2L7Q04418UfymtHjx0HBfXncmylfYbVR8gZzqwhrZnt1C4Qhzc3yKZZ14gxf7fXgf7hFxarni+0uQNCUX+QY/Fg5Z+dAW7odI4J8pKEBGWTiO0BL4RhTLOFGCePhHZzjZprjDojermpSWgYItTmk89lWQwcuYjVUw7q2mxePIhvgTyE7b0dea0oA14KbNmP2cguJSWvHR27Yj5poMnBNj+Rw9j0QVGQli7Vu01T0x7k4KluMtLoaM3L9mSUIrAiospRrmpoeGsUdX0CWuKZnaTu9spMn2C8L3RFk5UemIN9NzcXnjjxA==]]></Encrypt>
</xml>
{"code":100000,"text":"北京:周五 07月20日,多云 西南风3-4级,最低气温27度，最高气温33度"}<xml>
    <ToUserName><![CDATA[gh_00665bbe63dd]]></ToUserName>
    <FromUserName><![CDATA[ow1Es1g3kA1X4SrOzVwRg9h7pc3M]]></FromUserName>
    <CreateTime>1532093210</CreateTime>
    <MsgType><![CDATA[text]]></MsgType>
    <Content><![CDATA[清河天气]]></Content>
    <MsgId>6580290231880803273</MsgId>
    <Encrypt><![CDATA[tyLyiCr8yLuzw2xiC+Hu1g/k0PBzORz2clbvowUzoAIwaumasmBsAz0hnKp5WLO1QevstaGgClO3njUBHnNXwvfeMj+xLgunIvlzC4OW8y/tyqO7GDhbEguCgnpqHrdN/wPWX/mFAUflf1yW93oYNVQTpkHiMnvzGAOSg37/dMPQJf1xGFZK/OFIS+bcHNeXV/n5F/f5p8s7J+T6ImQJkvx1/Uqz820a63wJiEgukepV3MPZBPxKycbodAugvbioQrYAM8vgi/Gy2CeCbfzyxmI2Pl6WGeVRexyAURB+uubqjJxkw1xjAWKI9v+tO4BtHLMXta8Mcvb86JFGpgpXqNNvQi5W1CjdlrHORoUlD/xwAvDodCaSLSs/8qnG1a7Iheg+QUFNrxyjHSpIRb1jm5Z5iNZXAFD2JY6BRQSxWoRNlRhVKooX6+nQ+aZHlrh1NMJ5SFbB+ZAypYsuhxPK9w==]]></Encrypt>
</xml>
{"code":100000,"text":"清河:周五 07月20日,多云 西南风4-5级,最低气温24度，最高气温32度"}<xml>
    <ToUserName><![CDATA[gh_00665bbe63dd]]></ToUserName>
    <FromUserName><![CDATA[ow1Es1g3kA1X4SrOzVwRg9h7pc3M]]></FromUserName>
    <CreateTime>1532093279</CreateTime>
    <MsgType><![CDATA[text]]></MsgType>
    <Content><![CDATA[你是？]]></Content>
    <MsgId>6580290528233546758</MsgId>
    <Encrypt><![CDATA[OHZqLd+YbpOPw94W5hnQ2qefa55FC2DZJFZfYld0YSzYNzr9sI4zA2liJpQybNrc1ZraLbXB8s+GbG9c1BJHx3ecPybVl1aaTpQLLieg1USfcycoWomK2yMAK+RYQTnaxPY8WnwmMZ7MBBUo5rdLiKA68oOjlzUL5Nd+BP3Lmzw2jnmn+WWmwVLjG8WuwbLpjw9hEy8kZ/UvfHcGJPlcLQeuLs9HRwc+owEUV5O9VHjXeKMcS2hLb2MyUtzB6jfZ1ctRw5zW+JjEdKfis1FGvV+oRWVeA/lRi3r0orZvv4pH10atrUHs50GTVtXMn/+0JHbFxafsJ8bOxpQNHd7qvHR5VHNiSIKOussTgrmHHonOTHR+DmvoQmcB5z2RLcl70PJ4DCAvdaP7hAJ9JyQNCZV3tuZC4A0cmJkXQT6dOUognMRj6oW5tzkyua2hWVVBE3Sf9bZUkKr4ylyVFId7eQ==]]></Encrypt>
</xml>
{"code":100000,"text":"聪明又可爱的N就是我了。"}<xml>
    <ToUserName><![CDATA[gh_00665bbe63dd]]></ToUserName>
    <FromUserName><![CDATA[ow1Es1n5z4QWXCQ5Blq8PWuD3sTs]]></FromUserName>
    <CreateTime>1532093617</CreateTime>
    <MsgType><![CDATA[text]]></MsgType>
    <Content><![CDATA[清河天气]]></Content>
    <MsgId>6580291979932493057</MsgId>
    <Encrypt><![CDATA[mmyQnaLWpzjYZ1LSw7VazzOizm6LOB+P0MhxcgzzeSGgkzA6CsZtM7MQPE+nFtK89tqoOlD6NFELNSRT6aTBT3DlU/cEgw11SHfclMvd/tMCknhzo/Mc2w2dZMldy2VYbRu88dWXoBoq75lPkYDgiJ3lgYoe29Sc84g8tmeNuyYpbaztV7I4VSbmQH9NkEfIEsMqQE85Io536DOHj3IlFO2N/psvW/My4Vt0Fj5an37EiF+6gce3gkF4/2OITUAT0iDosWy4hG/qbVsdi0UEY2dRbo9eA0pMKaBg1ADBI5A63/RKhGf7aaq0oQn1ljCQDOCXN76QdemrN3IKj0qcfWN+j5u7nEFKB2kszXEwCCfi/OCyxf8B8pS0EJRzxQLOIMYlUDX5Rq5u4wuqVhjq4UN11FgDp3FJ62+8MCfNjDnYBWdNVdiJCwcs3C9TuDNmCLJm2qD7vX/zWhlLYnfuKA==]]></Encrypt>
</xml>
{"code":100000,"text":"清河:周五 07月20日,多云 西南风4-5级,最低气温24度，最高气温32度"}<xml>
    <ToUserName><![CDATA[gh_00665bbe63dd]]></ToUserName>
    <FromUserName><![CDATA[ow1Es1g3kA1X4SrOzVwRg9h7pc3M]]></FromUserName>
    <CreateTime>1532100314</CreateTime>
    <MsgType><![CDATA[text]]></MsgType>
    <Content><![CDATA[呵呵]]></Content>
    <MsgId>6580320743328477980</MsgId>
    <Encrypt><![CDATA[t/vGD1t8Y+6l8eTEMG0+PBVZhTxD+V5OHyqOn9InMu1F9UBj6T/470K0GMrBcDLmTQswFB8D10f3YjgS/XeNmDRwAw48V2PQrNPCtiTVYFBnSAwaXzOBBp9yT7EJs979kk4r6xeG9+APOZKHyI+OBBk7C2t6tl6JoBLcF6UPCMvUUtbVYRoyEq7bqGY6TBYcLFTBNjWCldoRpFZb53UfHFqJJ+nRSMgBXo5GJ92GxvX1pue0AXRmy8HAD05S1avqly5z8UGaDP7/HB6xgzC0223Ch6lT8/KNSFyDg2tTNpiG+W82ZA8xYYFwaFVX7mclV/urkppKoSjwsJZoThRCOQqXlcIeS2KVD2AW3HNQTjbbKUOi6E53l/WD9jeCEayCTTzJE0WYy97lgnULe/W1HT5K7Q7dEJOZNiRHABE71r8=]]></Encrypt>
</xml>
{"code":100000,"text":"流言止于智者，聊天止于呵呵"}<xml>
    <ToUserName><![CDATA[gh_00665bbe63dd]]></ToUserName>
    <FromUserName><![CDATA[ow1Es1ibOvUfEk8jFgLc8GE-iFs8]]></FromUserName>
    <CreateTime>1532150906</CreateTime>
    <MsgType><![CDATA[event]]></MsgType>
    <Event><![CDATA[subscribe]]></Event>
    <EventKey><![CDATA[]]></EventKey>
    <Encrypt><![CDATA[kJ+ToP1LOz+mt0YBxnV65RT3wyxeBhnJtoziQwdr/KTpeTzBp/Yfmj4b6NLgpKSy9isPWaVb+4QtRg14CCyFaBychZWL/LnJ/a014026jZPNFLAZghoURv9ruupCFdiRO5LAN7uRh/Ili+5y/Z9RpPijyRZJlB4Z6QLhHhErXamL9/8Ryr0YH2Mgz7GfApjwvlABUkeFZTXaeUJ0y9J/sGTGCuPVnNqqTdEp45fObB7L1Nzh/Di3c1tp1m5vFs8PkxLPILG4wTHB1snsi//KDzDzlk0TItnYOxVVnKEoQEAg8gwUeqehCB+xKX5Ua2C/p24lwepxJ9oy/DXhPKpzI+gtJt7AsSCRam30dZe6+DLVPu9sfq+nwETHS8TJpzPhTndrrayuXxBrc89+4qYJo7oJAXwoCJ8oQEqcVM08ftw=]]></Encrypt>
</xml>
<xml>
    <ToUserName><![CDATA[gh_00665bbe63dd]]></ToUserName>
    <FromUserName><![CDATA[ow1Es1ibOvUfEk8jFgLc8GE-iFs8]]></FromUserName>
    <CreateTime>1532150943</CreateTime>
    <MsgType><![CDATA[text]]></MsgType>
    <Content><![CDATA[找工作]]></Content>
    <MsgId>6580538193227722763</MsgId>
    <Encrypt><![CDATA[8z2aW2yFKh0p0I6yBrBMxh5ZzeUbJFwLlDfWEtZZxyGfvOUDunF+av0A7GivNN/VH5eDOf/m+Ibol/4dz9Wpket+KD3HxgnmeeMIWmfIqHcmD2N/Iob2Yb928IEpRvSRX1IRh2YNpijItN8gE9l9TFil2WTWtwdGLSnYUXMncfEGvAw2b97QeLJzAM5KtI081qy0gzXMPOJeyoyEygAYhnr4Zbq7FTTHNG8XQ7vC7mmoZ3jyHLMLiG8MZIobJDYtY5Id0VSlFVK4TTryb/txF8SMYlnLvWB4ybYNvyqo59vW6RrP1i9zmHqbuid/EMJRVYBuBZXX8vD08CiIMVlSk9CTIU64IOWXBo4nmCffr7f6/1SgK6RT+vOymd21ec3LlWvdTjuU0qleB/b9h+IHvPHoCh/VNidSky6PfzjhpW/4Ijfm0fsiIG4954IIpump7+b+9W/mZZXMas1f5l7DOw==]]></Encrypt>
</xml>
{"code":100000,"text":"前途是光明的，道路是没有的。"}post数据为空8
post数据为空8
<xml>
    <ToUserName><![CDATA[gh_00665bbe63dd]]></ToUserName>
    <FromUserName><![CDATA[ow1Es1n5z4QWXCQ5Blq8PWuD3sTs]]></FromUserName>
    <CreateTime>1532235476</CreateTime>
    <MsgType><![CDATA[text]]></MsgType>
    <Content><![CDATA[今天温度]]></Content>
    <MsgId>6580901259698189936</MsgId>
    <Encrypt><![CDATA[pO19xks+QrlNxF823x957XJJp86YeXtfDfSRYdcd9mBgnYdExaNdE45tevPyh7neuST8injRDUbSAKwoDWo5aRenO1j1nTlvoS5SToNnX0Cq/FvPK3/rNbz0PurZ9oNY1wbx9xD/+32Vfo8S24drcxI5TsR9T3PlfIqJCkAcvSjuQljn3dlRYeTiUQ+LA3XTgw/rWFNvyscsqpx4wzACemFq8lqMwWpix8iUNwCtjeiuoW0wFjqrXKhxOVysivUAo+bv3nESFkJFlFnC/sTwIzsQDH7YwGNMqhN7jrxGmnuRNoWO6GfvHs5qQxybUQOrz8bUx/KigQJaI8TjE1KLz3c0RdUx7DFsxRaQOskWQf5218L07Cp2mKufzL0XIJ3KtnN8x6I5O7BpYzGMtFaRyFg9XMQnITI3MwxYHLYc1Y8MCOVSH4rPkGyWogKUx1qx8PvVrc0mvrw/vP+MFYWppQ==]]></Encrypt>
</xml>
{"code":100000,"text":"请问你想查询哪个城市"}<xml>
    <ToUserName><![CDATA[gh_00665bbe63dd]]></ToUserName>
    <FromUserName><![CDATA[ow1Es1n5z4QWXCQ5Blq8PWuD3sTs]]></FromUserName>
    <CreateTime>1532235484</CreateTime>
    <MsgType><![CDATA[text]]></MsgType>
    <Content><![CDATA[清河]]></Content>
    <MsgId>6580901294057928307</MsgId>
    <Encrypt><![CDATA[Is+ApWdiGZ0Ua0JrBe8eRAkaGIYwBEhJBpujy4RXQyxfJVBnDc/KO46pDyUZdN4QojXhD6geIM/7YXKiHMLxeGNZ7J7Pxdr+vEvqwAtTR5k8EDYh7BJNlCniLHlGWSHpVn+MIfaFi2fLapFWITsKpMK3Pc3rGWLEbOYWSSAY7wI5LKUd8Mcf6OvBnyX0xq1iiXZ7oCp4BveAA71UiC2slZ6OF6vM2mRODJC7RiNMzp951hBWNMOpBx1pCMcq+HlHPeeOcSyafqm5gSlMovKPkluzcqOxoeaOQpw1qJNOENWaz++QhMclUnLC8S6K0QHNcQnoUOiFiVSMEmHe0K2CgAuZqr24tZ6aQrIhNCD2im2jo0rtbXsZLFjFFBlw645Rqz+5Q3qWdtxf3UThE/ZRD7q+MVnxBTHo2i3a1FhB+tI=]]></Encrypt>
</xml>
{"code":100000,"text":"清河，长江支流汉江的支流。以排子河为主源，发源于河南省邓州市，流经湖北省老河口市、襄阳市，本干起于襄阳市龙王镇刘庄南，流域襄阳市北部，至襄城区（原襄阳县）清河口入汉，长59公里。襄阳市城区段也称小清河。流域内各支流水利发达，建有多处水利工程，中下游为农业区。 "}<xml>
    <ToUserName><![CDATA[gh_00665bbe63dd]]></ToUserName>
    <FromUserName><![CDATA[ow1Es1n5z4QWXCQ5Blq8PWuD3sTs]]></FromUserName>
    <CreateTime>1532235507</CreateTime>
    <MsgType><![CDATA[text]]></MsgType>
    <Content><![CDATA[清河城]]></Content>
    <MsgId>6580901392842176129</MsgId>
    <Encrypt><![CDATA[96WU+hYUlb3JB4q/gTbV3cYMsd34WQI5uB5VpQYUTTNFVNqubDrjDYR8+PQKBB3Scn01hUfJVkso0geNeKaRV0Vgi/o4DAVbjVsYgaRxbNx2SNbKvWj8u9m/WNmhSFn+R85ABAnDRO8mxX9wZI2Iioj0OddVrzbhCngvZ3/i6NgC39wWrFBTimiKJlpo1pWeTDUZMhwmsf6W9+0eYev8U6PUfqaQ/VNPc5MIuIWX1i5RYd1xm/yGzJz0DIkKIU+WgY9z7f6evZxCatXrc/fpdYI6X9yNgaXoHqYkzh9e/BR5YNN1bePvWci8WV3SHDuuRN65XS3D14VUXAeDdnpe1s9WysVaaz1oiMl6UsQ9AEAo45GdLiEmyfTxWgYWrMbdriVj8nMNvtuymOZ+XKDqY5pVg3slHESU4Gj0gEL275z8xRiZ9LENEooMZOTGUUAhqhc7LvuoHOgTY75Jhw0DJw==]]></Encrypt>
</xml>
{"code":100000,"text":"图灵机器人一直在学习中，问我点别的吧！"}<xml>
    <ToUserName><![CDATA[gh_00665bbe63dd]]></ToUserName>
    <FromUserName><![CDATA[ow1Es1n5z4QWXCQ5Blq8PWuD3sTs]]></FromUserName>
    <CreateTime>1532236089</CreateTime>
    <MsgType><![CDATA[text]]></MsgType>
    <Content><![CDATA[河北省]]></Content>
    <MsgId>6580903892513142652</MsgId>
    <Encrypt><![CDATA[g5FByq34ax6TMpk2ppFe923Iskw/9ZOPm8G9Y9XYv9Jc1YkatsaXuaIcz8LISU88xPw56aqIJkNzrVCjSg2V4pkwlii/n//c7vDXs1g1Fb9nSY6m/1LnquuFQGrhi38TwQLC/moYhQs5/29C/O0HQhP2w3k0wNPEglhFmVKl7p5b3y6ysJPlb1Ne4Li80JFSsZBjvhCeklgFSqEBXNJvd5j8t0ck6KUafBevI93RAd2VVaTzJc0lhOqu5hQZvLEynAAbTXYuiglffqvPsi0gxbQkH+QKROsf7Q1RTt2m8Qlf+24jQwzppgBYvxHI8HamRrOzqnBnmtmtHgncheoCo2aBUvoX4gECBP/rRljR9R5/nzViRpI2CcqvPPREpzcFe0/OB8f7NRyO/U6MlSzuPkHZDkNF2uEUumlvZo0o6hQfoTW4nVkCVW6mmTtuiwux/51y681kcZpFoklgsBodmA==]]></Encrypt>
</xml>
{"code":100000,"text":"可以啊！距离不远"}<xml>
    <ToUserName><![CDATA[gh_00665bbe63dd]]></ToUserName>
    <FromUserName><![CDATA[ow1Es1n5z4QWXCQ5Blq8PWuD3sTs]]></FromUserName>
    <CreateTime>1532236100</CreateTime>
    <MsgType><![CDATA[text]]></MsgType>
    <Content><![CDATA[河北多大]]></Content>
    <MsgId>6580903939757782910</MsgId>
    <Encrypt><![CDATA[QPOWKi/q+NkxP6iejOg6vn2sawrgeQaZjxx01M7nzu9hNvjZVQIAtz2lUN+Vd7icTRwBi7hFk9DzjCXscuQ033NTfejh/aM9LlOmO58HYpZqF2FnqsM69Fn5yytXo/4L5WKla0eS3n/ZXQ14qTaQM37Mzhi610qVbrigh9lEvoPCSazzFKph1O6+OCkLcdQ13UQSq1SnUW6WcjpKWGoXwhJKeDpFPke1YvR6ScyCyWc7EVQrqzOpt6HdINPTVq3IN50mAAs6UowcKKkUo+HPxyOwwb620uek+OsPGbvLOBmKaEbvYoYWXipsYh8+VMAH7oXJyr//5t/8HQePRno3CUF5czqiRGq8ZyCeyTgnI86/xFe7bza/ARAnDVafny/09lejzSqZy/floF6LdCG5z5pDYvbLi5vrNPW0zo/3DJe8BW3A4Jv3ivv8CB6/aFtm36DWMIRDnvvWs6Xz6sMY6Q==]]></Encrypt>
</xml>
{"code":100000,"text":"有什么好吃的呀？"}<xml>
    <ToUserName><![CDATA[gh_00665bbe63dd]]></ToUserName>
    <FromUserName><![CDATA[ow1Es1n5z4QWXCQ5Blq8PWuD3sTs]]></FromUserName>
    <CreateTime>1532236119</CreateTime>
    <MsgType><![CDATA[text]]></MsgType>
    <Content><![CDATA[邢台人口多少]]></Content>
    <MsgId>6580904021362161539</MsgId>
    <Encrypt><![CDATA[k3F8w9i1QysWVmAYB3IcSrozxMuvYFMMhWX4AB5P7SckzfoqcQDK6ksuvCjiFwOq6u6yxodNBv1GYjFHcPD3KSDzZxVbj5xXQJK5GMzWiOsfbZpjkVWVKuJ4vOb8yMlOSvZTlmaU9Of1XVHqitkEmttvGDmOVphOrTGGHonSiAOGol7CZ05m/pyWHwynHdar2dm98bEjJVQBGJSdekDe1rFw7Uz855L1a71nRYLw4r38dwKA9ApviWOrdZkEfWAN/Xrad9sUEkvbjr60ij/JU9eQkxEE+Ay/EIV0o+MBKy6emDxGWpjP6lM24M/wEiT3mIGsz3hV6tscMiWLzU4z9AjHDiOFM5MRrynLjXI6FdnKZumBK+a0VmP2RQOweQW8uZT7jLFpJQBoeR/PSlo+g1yTPniyCwXg7UvAnAz9PD5U+ySAhqOkUR4GdRxBUgFuH4IQmP4dgQsTsNjl/sXWJA==]]></Encrypt>
</xml>
{"code":100000,"text":"听说邢台是个人杰地灵的地方，不知道是不是真的？"}<xml>
    <ToUserName><![CDATA[gh_00665bbe63dd]]></ToUserName>
    <FromUserName><![CDATA[ow1Es1n5z4QWXCQ5Blq8PWuD3sTs]]></FromUserName>
    <CreateTime>1532236136</CreateTime>
    <MsgType><![CDATA[text]]></MsgType>
    <Content><![CDATA[河北省人口]]></Content>
    <MsgId>6580904094376605580</MsgId>
    <Encrypt><![CDATA[bZoCE7bFWeiGBS7i0sQTVm/zqAWf+k/abBmPwdU7t9u84mv+WPJ2lHlrqOPAeXVoM3v0UDyY0XarHH7pE1noHaIzjbTycD09dv2xyQyLUvEkE+H3NV5C8BZjXGqJcjDpBW1OUT9XPrmB8r2aOBOYiIYwEsZ4zv3a9W9D2hN4YeFmmrQH4xCDGnef8Oilnxto2Ezx8x/6H/itzBBOvX9SXbUHp7r532aPqXDGEBWI1woMHAOsvNS0jq2/v64lMNNpsgd3n7k3XkC8Yro1zf+AelJ1PWaRlnXCO0zMswi75oCZyRbOivRBztdOqPCbxNiwqO8Qn+UtfV2RD+JSWNsxxxpARmYOxzbQBmL7phhYAAijF2oyKwJgFqoa3V9LPb3NEYGlteEyIZsW7e6PDwJ+hdcRfuzzCG5N4m+U7Fbq5BqyaGXOed3pxg72YiQ9sISLVOKrK60B4KPvZPgC9yU/lg==]]></Encrypt>
</xml>
{"code":100000,"text":"听说河北省是个很不错的地方呢。"}<xml>
    <ToUserName><![CDATA[gh_00665bbe63dd]]></ToUserName>
    <FromUserName><![CDATA[ow1Es1n5z4QWXCQ5Blq8PWuD3sTs]]></FromUserName>
    <CreateTime>1532236149</CreateTime>
    <MsgType><![CDATA[text]]></MsgType>
    <Content><![CDATA[山东]]></Content>
    <MsgId>6580904150211180437</MsgId>
    <Encrypt><![CDATA[tl+sCqYmWU6FZ4168yvH70m28evmBJK+YrsTVEgMhuAtbrDx+8Gz4kj66NyTm4yJ8wxcP4EXpOP0011BF2BobFNoP9PY1QOgdwWTj1lQIimGKQq5kcI/kNgBQqrVTQArYmR5l6bwIO4qy0aXv2qe07hhJvjvHHGTkbhblKi4hqZiTNQfF8/8/TKpYPbMieKe0iDIgROnIONVaccUazgzwgkFAPQWOZnqX5QKvu4kR7AfPzSSfbUEgqBCz5HuuhrfU2BZW7IsE2nBcl5P1nJOWAhD+XvsTlAJcjJbWcQSQ8M9WCr92ep83FeQTXQDUAL2PQRFKtMUdXvk6ONMp7m949h5g3pUahBfxOHC/AjPIJjC3svD1L4r4cds4JIB0fHtl5Y4kBDQ0M05WlfzrnbdIWiXyeDBX4eSbDvUrrmhxEI=]]></Encrypt>
</xml>
{"code":100000,"text":"老乡老乡"}<xml>
    <ToUserName><![CDATA[gh_00665bbe63dd]]></ToUserName>
    <FromUserName><![CDATA[ow1Es1iv7UNyETAVKW73deFRttcA]]></FromUserName>
    <CreateTime>1535272132</CreateTime>
    <MsgType><![CDATA[event]]></MsgType>
    <Event><![CDATA[subscribe]]></Event>
    <EventKey><![CDATA[]]></EventKey>
    <Encrypt><![CDATA[5y3DLs0YhCOi+WbGunGkJr1+OcUAzaYFmRvInRAmdMMYjvAi0WWH4yeUWlAbytmkM8ENrsWbUcO5CU3vGB8aBV6ofnc+9JrAXiWjk2EpdV5tx5NOri6VnH6px/I0X3OLx93SGQ9yp0yirMMqYyjBq7KW3/sjbR7B7X0BnC3CTALw7MRLTfwr1MJP42FBG+y/WYqIB/HzQwnu4MIGezIhJlZBB+yxM1XUqQMNQFc4ICqrrnQcfL5bbrR3rW6nXgg7cuSKA1yseIJaJDGVVQMBCI/Kgss39gz0p091qYi/Iqf0dxTOCSYNyT6Tn2tjqn38rrjwS2ZBklQ2/Vzuarx1kuZDqrfJn7uu9mzg0VTXAcMLj586ExOh31lwryICrPEw/dPa1TGyrWqwdez75/199o4Sw+8vP5ay0qY0Pdm6QUg=]]></Encrypt>
</xml>
<xml>
    <ToUserName><![CDATA[gh_00665bbe63dd]]></ToUserName>
    <FromUserName><![CDATA[ow1Es1iv7UNyETAVKW73deFRttcA]]></FromUserName>
    <CreateTime>1535272132</CreateTime>
    <MsgType><![CDATA[event]]></MsgType>
    <Event><![CDATA[subscribe]]></Event>
    <EventKey><![CDATA[]]></EventKey>
    <Encrypt><![CDATA[5y3DLs0YhCOi+WbGunGkJr1+OcUAzaYFmRvInRAmdMMYjvAi0WWH4yeUWlAbytmkM8ENrsWbUcO5CU3vGB8aBV6ofnc+9JrAXiWjk2EpdV5tx5NOri6VnH6px/I0X3OLx93SGQ9yp0yirMMqYyjBq7KW3/sjbR7B7X0BnC3CTALw7MRLTfwr1MJP42FBG+y/WYqIB/HzQwnu4MIGezIhJlZBB+yxM1XUqQMNQFc4ICqrrnQcfL5bbrR3rW6nXgg7cuSKA1yseIJaJDGVVQMBCI/Kgss39gz0p091qYi/Iqf0dxTOCSYNyT6Tn2tjqn38rrjwS2ZBklQ2/Vzuarx1kuZDqrfJn7uu9mzg0VTXAcMLj586ExOh31lwryICrPEw/dPa1TGyrWqwdez75/199o4Sw+8vP5ay0qY0Pdm6QUg=]]></Encrypt>
</xml>
<xml>
    <ToUserName><![CDATA[gh_00665bbe63dd]]></ToUserName>
    <FromUserName><![CDATA[ow1Es1iv7UNyETAVKW73deFRttcA]]></FromUserName>
    <CreateTime>1535272139</CreateTime>
    <MsgType><![CDATA[text]]></MsgType>
    <Content><![CDATA[在]]></Content>
    <MsgId>6593943627973783784</MsgId>
    <Encrypt><![CDATA[mg00nlhgE/eVkAS7PfK4wT1yDD/AXSmNdxOtS7LaRF2zAlkH5elzJokdVuVvIQBKESTMWKp7F0Rzjg23RM07PFGe79LuJSDMxMUD9NJ2HtRp0vS+w5acQDGJyXbpC6XjwQ4o0HUTsMZhsqcI2tW0juTOv4k6fCAT2WbSFEZXndk6KoS3CMd2GmBYhpxyfXgLX5I5b4kqWgm5TFSfERSJg1rp3pbm43CNkEqjBOfAi0oMk+cIUOZ0UGZqNnezmBTIeON3g5NVser3SSZmGzbVjqUulGNdExvJ9lCWpvj36ZjbTJZ9WCYIgwt2DBUm6hxmgU8bYltY1j3fSqs7udFV6+W1ee12DsNKwAycVmNR5cVDHOXMhLm65aQ1hBs9I8U7elTE5NWjha2tDNZCwdnjKHfwt76cwyjx5H5lhloRnvU=]]></Encrypt>
</xml>
{"code":100000,"text":"在的在的，主人有什么吩咐"}<xml>
    <ToUserName><![CDATA[gh_00665bbe63dd]]></ToUserName>
    <FromUserName><![CDATA[ow1Es1iv7UNyETAVKW73deFRttcA]]></FromUserName>
    <CreateTime>1535272187</CreateTime>
    <MsgType><![CDATA[text]]></MsgType>
    <Content><![CDATA[发布招聘信息]]></Content>
    <MsgId>6593943834132214042</MsgId>
    <Encrypt><![CDATA[17cwnwz5+VhuXJcWHwY+P+gGZC+5vDNoZKOY1po6p9OP6NLKoEoBvTKsctaf9hiLxUxxPLFPbjS96J0UtGRtzLn9zuX5OL//Vk1rGIpSTXwYQdLbj7H2Ngdt3mKS4NG6x20RSO+FC2jxFBHQypgLwfmiW+e6OSwsMjub8y1akq1TxNXG026/jQXw0qZ1GgzzVlMyya/lcs8ErjMkB8+tMgoVnIxiYuDa7t+TQDqBKw2dHaZewbp3nL8yaP1dVhCphiqIvSWeqv4lP7uF9mOUqPLnkD9YzRdNt0WcE70wPWAGRU58X795kB/BKyySLrZu5FBp3jdWsSI6rNGdzDVSfp5a/5iFWBSS3Fz10pTDwcruz0rtiMLPaMB2zUP1tDq05HjJbtzdkG/tXaV4EdaZjKcQaRXnC68fWUT2tz29RbYyjGnRicMFJXeRYdj9gEZObC797Pz3x6S2V5BxZ85dwg==]]></Encrypt>
</xml>
{"code":100000,"text":"不是招聘信息、是产品信息"}